<?xml version="1.0" encoding="UTF-8"?>
<testsuite xmlns:xsi="http://www.w3.org/2001/XMLSchema-instance" xsi:schemaLocation="https://maven.apache.org/surefire/maven-surefire-plugin/xsd/surefire-test-report.xsd" name="ru.fix.completable.reactor.graph.kotlin.KotlinGraphTest" time="3.209" tests="13" errors="0" skipped="0" failures="0">
  <properties>
[...]
</properties>
  <testcase name="router_from_processors_merge_point" classname="ru.fix.completable.reactor.graph.kotlin.KotlinGraphTest" time="0.115"/>
  <testcase name="router_from_start_point" classname="ru.fix.completable.reactor.graph.kotlin.KotlinGraphTest" time="0.003"/>
  <testcase name="single_processor" classname="ru.fix.completable.reactor.graph.kotlin.KotlinGraphTest" time="0.002"/>
  <testcase name="two_processors_sequential_merge" classname="ru.fix.completable.reactor.graph.kotlin.KotlinGraphTest" time="0.005"/>
  <testcase name="detached_processor" classname="ru.fix.completable.reactor.graph.kotlin.KotlinGraphTest" time="0.004"/>
  <testcase name="optional_processor_execution" classname="ru.fix.completable.reactor.graph.kotlin.KotlinGraphTest" time="0.006"/>
  <testcase name="run_subgraph" classname="ru.fix.completable.reactor.graph.kotlin.KotlinGraphTest" time="0.01"/>
  <testcase name="dead_transition_kills_merge_point_and_all_outgoing_transitions" classname="ru.fix.completable.reactor.graph.kotlin.KotlinGraphTest" time="2.007"/>
  <testcase name="single_detached_merge_point" classname="ru.fix.completable.reactor.graph.kotlin.KotlinGraphTest" time="0.002"/>
  <testcase name="vertex_with_empty_merger_rise_exception_when_used_in_on_transition" classname="ru.fix.completable.reactor.graph.kotlin.KotlinGraphTest" time="0.003"/>
  <testcase name="dead_transition_breaks_flow" classname="ru.fix.completable.reactor.graph.kotlin.KotlinGraphTest" time="0.005"/>
  <testcase name="graph_with_router_connected_to_start_point" classname="ru.fix.completable.reactor.graph.kotlin.KotlinGraphTest" time="1.003"/>
  <testcase name="handler_returns_null_as_a_result" classname="ru.fix.completable.reactor.graph.kotlin.KotlinGraphTest" time="0.013"/>
</testsuite>